#
# There is insufficient memory for the Java Runtime Environment to continue.
# Native memory allocation (mmap) failed to map 132120576 bytes for committing reserved memory.
# Possible reasons:
#   The system is out of physical RAM or swap space
#   In 32 bit mode, the process size limit was hit
# Possible solutions:
#   Reduce memory load on the system
#   Increase physical memory or swap space
#   Check if swap backing store is full
#   Use 64 bit Java on a 64 bit OS
#   Decrease Java heap size (-Xmx/-Xms)
#   Decrease number of Java threads
#   Decrease Java thread stack sizes (-Xss)
#   Set larger code cache with -XX:ReservedCodeCacheSize=
# This output file may be truncated or incomplete.
#
#  Out of Memory Error (os_linux.cpp:2627), pid=21445, tid=0x00007f1b73afa700
#
# JRE version: Java(TM) SE Runtime Environment (8.0_101-b13) (build 1.8.0_101-b13)
# Java VM: Java HotSpot(TM) 64-Bit Server VM (25.101-b13 mixed mode linux-amd64 compressed oops)
# Failed to write core dump. Core dumps have been disabled. To enable core dumping, try "ulimit -c unlimited" before starting Java again
#

---------------  T H R E A D  ---------------

Current thread (0x00007f1b8c080000):  VMThread [stack: 0x00007f1b739fa000,0x00007f1b73afb000] [id=21459]

Stack: [0x00007f1b739fa000,0x00007f1b73afb000],  sp=0x00007f1b73af9060,  free space=1020k
Native frames: (J=compiled Java code, j=interpreted, Vv=VM code, C=native code)
V  [libjvm.so+0xac3f0a]  VMError::report_and_die()+0x2ba
V  [libjvm.so+0x4fbf9b]  report_vm_out_of_memory(char const*, int, unsigned long, VMErrorType, char const*)+0x8b
V  [libjvm.so+0x9222d3]  os::Linux::commit_memory_impl(char*, unsigned long, bool)+0x103
V  [libjvm.so+0x922829]  os::pd_commit_memory(char*, unsigned long, unsigned long, bool)+0x29
V  [libjvm.so+0x91cb2a]  os::commit_memory(char*, unsigned long, unsigned long, bool)+0x2a
V  [libjvm.so+0x991053]  PSVirtualSpace::expand_by(unsigned long)+0x53
V  [libjvm.so+0x992458]  PSYoungGen::resize_generation(unsigned long, unsigned long)+0xf8
V  [libjvm.so+0x9915b2]  PSYoungGen::resize(unsigned long, unsigned long)+0x22
V  [libjvm.so+0x98e88b]  PSScavenge::invoke_no_policy()+0xf3b
V  [libjvm.so+0x98f011]  PSScavenge::invoke()+0x41
V  [libjvm.so+0x945fc0]  ParallelScavengeHeap::failed_mem_allocate(unsigned long)+0x70
V  [libjvm.so+0xac5927]  VM_ParallelGCFailedAllocation::doit()+0x97
V  [libjvm.so+0xacd405]  VM_Operation::evaluate()+0x55
V  [libjvm.so+0xacb7da]  VMThread::evaluate_operation(VM_Operation*)+0xba
V  [libjvm.so+0xacbb5e]  VMThread::loop()+0x1ce
V  [libjvm.so+0xacbfd0]  VMThread::run()+0x70
V  [libjvm.so+0x924698]  java_start(Thread*)+0x108

VM_Operation (0x00007f1b9225ba00): ParallelGCFailedAllocation, mode: safepoint, requested by thread 0x00007f1b8c00a000


---------------  P R O C E S S  ---------------

Java Threads: ( => current thread )
  0x00007f1b8c3c6000 JavaThread "Abandoned connection cleanup thread" daemon [_thread_blocked, id=21469, stack(0x00007f1b727d1000,0x00007f1b728d2000)]
  0x00007f1b8c0d3000 JavaThread "Service Thread" daemon [_thread_blocked, id=21467, stack(0x00007f1b729de000,0x00007f1b72adf000)]
  0x00007f1b8c0c8000 JavaThread "C1 CompilerThread3" daemon [_thread_blocked, id=21466, stack(0x00007f1b72adf000,0x00007f1b72be0000)]
  0x00007f1b8c0c5800 JavaThread "C2 CompilerThread2" daemon [_thread_blocked, id=21465, stack(0x00007f1b72be0000,0x00007f1b72ce1000)]
  0x00007f1b8c0c4000 JavaThread "C2 CompilerThread1" daemon [_thread_blocked, id=21464, stack(0x00007f1b72ce1000,0x00007f1b72de2000)]
  0x00007f1b8c0c1000 JavaThread "C2 CompilerThread0" daemon [_thread_blocked, id=21463, stack(0x00007f1b72de2000,0x00007f1b72ee3000)]
  0x00007f1b8c0bf800 JavaThread "Signal Dispatcher" daemon [_thread_blocked, id=21462, stack(0x00007f1b72ee3000,0x00007f1b72fe4000)]
  0x00007f1b8c08c800 JavaThread "Finalizer" daemon [_thread_blocked, id=21461, stack(0x00007f1b737f8000,0x00007f1b738f9000)]
  0x00007f1b8c087800 JavaThread "Reference Handler" daemon [_thread_blocked, id=21460, stack(0x00007f1b738f9000,0x00007f1b739fa000)]
  0x00007f1b8c00a000 JavaThread "main" [_thread_blocked, id=21450, stack(0x00007f1b9215d000,0x00007f1b9225e000)]

Other Threads:
=>0x00007f1b8c080000 VMThread [stack: 0x00007f1b739fa000,0x00007f1b73afb000] [id=21459]
  0x00007f1b8c0d6000 WatcherThread [stack: 0x00007f1b728dd000,0x00007f1b729de000] [id=21468]

VM state:at safepoint (normal execution)

VM Mutex/Monitor currently owned by a thread:  ([mutex/lock_event])
[0x00007f1b8c006410] Threads_lock - owner thread: 0x00007f1b8c080000
[0x00007f1b8c006910] Heap_lock - owner thread: 0x00007f1b8c00a000

Heap:
 PSYoungGen      total 139264K, used 10176K [0x000000076cf00000, 0x0000000776100000, 0x00000007c0000000)
  eden space 129024K, 0% used [0x000000076cf00000,0x000000076cf00000,0x0000000774d00000)
  from space 10240K, 99% used [0x0000000774d00000,0x00000007756f0020,0x0000000775700000)
  to   space 10240K, 0% used [0x0000000775700000,0x0000000775700000,0x0000000776100000)
 ParOldGen       total 171008K, used 51K [0x00000006c6c00000, 0x00000006d1300000, 0x000000076cf00000)
  object space 171008K, 0% used [0x00000006c6c00000,0x00000006c6c0cc50,0x00000006d1300000)
 Metaspace       used 10643K, capacity 10942K, committed 11008K, reserved 1058816K
  class space    used 1179K, capacity 1275K, committed 1280K, reserved 1048576K

Card table byte_map: [0x00007f1b7b5e4000,0x00007f1b7bdaf000] byte_map_base: 0x00007f1b77fae000

Marking Bits: (ParMarkBitMap*) 0x00007f1b91638120
 Begin Bits: [0x00007f1b44360000, 0x00007f1b481b0000)
 End Bits:   [0x00007f1b481b0000, 0x00007f1b4c000000)

Polling page: 0x00007f1b92281000

CodeCache: size=245760Kb used=5894Kb max_used=5894Kb free=239865Kb
 bounds [0x00007f1b7c16f000, 0x00007f1b7c73f000, 0x00007f1b8b16f000]
 total_blobs=1838 nmethods=1496 adapters=256
 compilation: enabled

Compilation events (10 events):
Event: 3,807 Thread 0x00007f1b8c0c1000 1503       4       org.postgresql.core.v3.QueryExecutorImpl::receiveFields (167 bytes)
Event: 3,876 Thread 0x00007f1b8c0c8000 1504       3       java.util.ArrayList::isEmpty (13 bytes)
Event: 3,876 Thread 0x00007f1b8c0c8000 nmethod 1504 0x00007f1b7c72ae50 code [0x00007f1b7c72afc0, 0x00007f1b7c72b170]
Event: 3,888 Thread 0x00007f1b8c0c5800 1505       4       org.postgresql.jdbc.PgDatabaseMetaData::getProcedureColumns (1702 bytes)
Event: 3,908 Thread 0x00007f1b8c0c8000 1506  s    3       org.postgresql.jdbc.PgArray::buildArrayList (571 bytes)
Event: 3,919 Thread 0x00007f1b8c0c8000 nmethod 1506 0x00007f1b7c72fa90 code [0x00007f1b7c730100, 0x00007f1b7c735288]
Event: 3,919 Thread 0x00007f1b8c0c8000 1507       1       java.lang.Character::charValue (5 bytes)
Event: 3,919 Thread 0x00007f1b8c0c8000 nmethod 1507 0x00007f1b7c72ab90 code [0x00007f1b7c72ace0, 0x00007f1b7c72adf0]
Event: 4,188 Thread 0x00007f1b8c0c8000 1509       3       java.lang.Long::parseLong (7 bytes)
Event: 4,188 Thread 0x00007f1b8c0c8000 nmethod 1509 0x00007f1b7c72a810 code [0x00007f1b7c72a980, 0x00007f1b7c72aae8]

GC Heap History (5 events):
Event: 2,158 GC heap before
{Heap before GC invocations=1 (full 0):
 PSYoungGen      total 74752K, used 64512K [0x000000076cf00000, 0x0000000772200000, 0x00000007c0000000)
  eden space 64512K, 100% used [0x000000076cf00000,0x0000000770e00000,0x0000000770e00000)
  from space 10240K, 0% used [0x0000000771800000,0x0000000771800000,0x0000000772200000)
  to   space 10240K, 0% used [0x0000000770e00000,0x0000000770e00000,0x0000000771800000)
 ParOldGen       total 171008K, used 0K [0x00000006c6c00000, 0x00000006d1300000, 0x000000076cf00000)
  object space 171008K, 0% used [0x00000006c6c00000,0x00000006c6c00000,0x00000006d1300000)
 Metaspace       used 10420K, capacity 10710K, committed 10752K, reserved 1058816K
  class space    used 1166K, capacity 1241K, committed 1280K, reserved 1048576K
Event: 2,211 GC heap after
Heap after GC invocations=1 (full 0):
 PSYoungGen      total 74752K, used 8227K [0x000000076cf00000, 0x0000000776100000, 0x00000007c0000000)
  eden space 64512K, 0% used [0x000000076cf00000,0x000000076cf00000,0x0000000770e00000)
  from space 10240K, 80% used [0x0000000770e00000,0x0000000771608d38,0x0000000771800000)
  to   space 10240K, 0% used [0x0000000775700000,0x0000000775700000,0x0000000776100000)
 ParOldGen       total 171008K, used 16K [0x00000006c6c00000, 0x00000006d1300000, 0x000000076cf00000)
  object space 171008K, 0% used [0x00000006c6c00000,0x00000006c6c04000,0x00000006d1300000)
 Metaspace       used 10420K, capacity 10710K, committed 10752K, reserved 1058816K
  class space    used 1166K, capacity 1241K, committed 1280K, reserved 1048576K
}
Event: 2,571 GC heap before
{Heap before GC invocations=2 (full 0):
 PSYoungGen      total 74752K, used 72739K [0x000000076cf00000, 0x0000000776100000, 0x00000007c0000000)
  eden space 64512K, 100% used [0x000000076cf00000,0x0000000770e00000,0x0000000770e00000)
  from space 10240K, 80% used [0x0000000770e00000,0x0000000771608d38,0x0000000771800000)
  to   space 10240K, 0% used [0x0000000775700000,0x0000000775700000,0x0000000776100000)
 ParOldGen       total 171008K, used 16K [0x00000006c6c00000, 0x00000006d1300000, 0x000000076cf00000)
  object space 171008K, 0% used [0x00000006c6c00000,0x00000006c6c04000,0x00000006d1300000)
 Metaspace       used 10590K, capacity 10878K, committed 11008K, reserved 1058816K
  class space    used 1179K, capacity 1275K, committed 1280K, reserved 1048576K
Event: 2,613 GC heap after
Heap after GC invocations=2 (full 0):
 PSYoungGen      total 139264K, used 6053K [0x000000076cf00000, 0x0000000776100000, 0x00000007c0000000)
  eden space 129024K, 0% used [0x000000076cf00000,0x000000076cf00000,0x0000000774d00000)
  from space 10240K, 59% used [0x0000000775700000,0x0000000775ce9718,0x0000000776100000)
  to   space 10240K, 0% used [0x0000000774d00000,0x0000000774d00000,0x0000000775700000)
 ParOldGen       total 171008K, used 24K [0x00000006c6c00000, 0x00000006d1300000, 0x000000076cf00000)
  object space 171008K, 0% used [0x00000006c6c00000,0x00000006c6c06000,0x00000006d1300000)
 Metaspace       used 10590K, capacity 10878K, committed 11008K, reserved 1058816K
  class space    used 1179K, capacity 1275K, committed 1280K, reserved 1048576K
}
Event: 4,254 GC heap before
{Heap before GC invocations=3 (full 0):
 PSYoungGen      total 139264K, used 135077K [0x000000076cf00000, 0x0000000776100000, 0x00000007c0000000)
  eden space 129024K, 100% used [0x000000076cf00000,0x0000000774d00000,0x0000000774d00000)
  from space 10240K, 59% used [0x0000000775700000,0x0000000775ce9718,0x0000000776100000)
  to   space 10240K, 0% used [0x0000000774d00000,0x0000000774d00000,0x0000000775700000)
 ParOldGen       total 171008K, used 24K [0x00000006c6c00000, 0x00000006d1300000, 0x000000076cf00000)
  object space 171008K, 0% used [0x00000006c6c00000,0x00000006c6c06000,0x00000006d1300000)
 Metaspace       used 10643K, capacity 10942K, committed 11008K, reserved 1058816K
  class space    used 1179K, capacity 1275K, committed 1280K, reserved 1048576K

Deoptimization events (10 events):
Event: 2,290 Thread 0x00007f1b8c00a000 Uncommon trap: reason=speculate_class_check action=maybe_recompile pc=0x00007f1b7c5a8148 method=schemacrawler.crawl.AbstractDatabaseObject.compareTo(Lschemacrawler/schema/NamedObject;)I @ 39
Event: 2,373 Thread 0x00007f1b8c00a000 Uncommon trap: reason=unstable_if action=reinterpret pc=0x00007f1b7c55cf98 method=java.lang.StringCoding$StringDecoder.decode([BII)[C @ 20
Event: 2,373 Thread 0x00007f1b8c00a000 Uncommon trap: reason=unstable_if action=reinterpret pc=0x00007f1b7c54807c method=java.lang.StringCoding$StringDecoder.decode([BII)[C @ 20
Event: 2,373 Thread 0x00007f1b8c00a000 Uncommon trap: reason=unstable_if action=reinterpret pc=0x00007f1b7c55924c method=java.lang.StringCoding$StringDecoder.decode([BII)[C @ 20
Event: 2,383 Thread 0x00007f1b8c00a000 Uncommon trap: reason=unstable_if action=reinterpret pc=0x00007f1b7c5a9568 method=java.lang.String.trim()Ljava/lang/String; @ 15
Event: 2,383 Thread 0x00007f1b8c00a000 Uncommon trap: reason=unstable_if action=reinterpret pc=0x00007f1b7c5c5eac method=schemacrawler.utility.Identifiers.isToBeQuoted(Ljava/lang/String;)Z @ 8
Event: 2,383 Thread 0x00007f1b8c00a000 Uncommon trap: reason=unstable_if action=reinterpret pc=0x00007f1b7c5b5d6c method=java.util.regex.Pattern$Dollar.match(Ljava/util/regex/Matcher;ILjava/lang/CharSequence;)Z @ 86
Event: 2,383 Thread 0x00007f1b8c00a000 Uncommon trap: reason=unstable_if action=reinterpret pc=0x00007f1b7c5986d0 method=java.util.regex.Pattern$Dollar.match(Ljava/util/regex/Matcher;ILjava/lang/CharSequence;)Z @ 86
Event: 2,385 Thread 0x00007f1b8c00a000 Uncommon trap: reason=unstable_if action=reinterpret pc=0x00007f1b7c5d70f0 method=schemacrawler.utility.Identifiers.containsSpecialCharacters(Ljava/lang/String;)Z @ 4
Event: 2,781 Thread 0x00007f1b8c00a000 Uncommon trap: reason=unstable_if action=reinterpret pc=0x00007f1b7c5f9068 method=schemacrawler.utility.Identifiers.isQuotedName(Ljava/lang/String;)Z @ 35

Internal exceptions (10 events):
Event: 1,598 Thread 0x00007f1b8c00a000 Exception <a 'java/security/PrivilegedActionException'> (0x000000076e5086c0) thrown at [/HUDSON3/workspace/8-2-build-linux-amd64/jdk8u101/7261/hotspot/src/share/vm/prims/jvm.cpp, line 1386]
Event: 1,599 Thread 0x00007f1b8c00a000 Exception <a 'java/security/PrivilegedActionException'> (0x000000076e50b420) thrown at [/HUDSON3/workspace/8-2-build-linux-amd64/jdk8u101/7261/hotspot/src/share/vm/prims/jvm.cpp, line 1386]
Event: 1,599 Thread 0x00007f1b8c00a000 Exception <a 'java/security/PrivilegedActionException'> (0x000000076e50b818) thrown at [/HUDSON3/workspace/8-2-build-linux-amd64/jdk8u101/7261/hotspot/src/share/vm/prims/jvm.cpp, line 1386]
Event: 1,599 Thread 0x00007f1b8c00a000 Exception <a 'java/security/PrivilegedActionException'> (0x000000076e5101b0) thrown at [/HUDSON3/workspace/8-2-build-linux-amd64/jdk8u101/7261/hotspot/src/share/vm/prims/jvm.cpp, line 1386]
Event: 1,599 Thread 0x00007f1b8c00a000 Exception <a 'java/security/PrivilegedActionException'> (0x000000076e5105a8) thrown at [/HUDSON3/workspace/8-2-build-linux-amd64/jdk8u101/7261/hotspot/src/share/vm/prims/jvm.cpp, line 1386]
Event: 1,599 Thread 0x00007f1b8c00a000 Exception <a 'java/security/PrivilegedActionException'> (0x000000076e5148d8) thrown at [/HUDSON3/workspace/8-2-build-linux-amd64/jdk8u101/7261/hotspot/src/share/vm/prims/jvm.cpp, line 1386]
Event: 1,599 Thread 0x00007f1b8c00a000 Exception <a 'java/security/PrivilegedActionException'> (0x000000076e514cd0) thrown at [/HUDSON3/workspace/8-2-build-linux-amd64/jdk8u101/7261/hotspot/src/share/vm/prims/jvm.cpp, line 1386]
Event: 1,599 Thread 0x00007f1b8c00a000 Exception <a 'java/security/PrivilegedActionException'> (0x000000076e5190d8) thrown at [/HUDSON3/workspace/8-2-build-linux-amd64/jdk8u101/7261/hotspot/src/share/vm/prims/jvm.cpp, line 1386]
Event: 1,599 Thread 0x00007f1b8c00a000 Exception <a 'java/security/PrivilegedActionException'> (0x000000076e5194d0) thrown at [/HUDSON3/workspace/8-2-build-linux-amd64/jdk8u101/7261/hotspot/src/share/vm/prims/jvm.cpp, line 1386]
Event: 1,898 Thread 0x00007f1b8c00a000 Exception <a 'java/lang/NoSuchMethodError': java.lang.Object.lambda$and$0(Ljava/util/function/Predicate;Ljava/lang/Object;)Z> (0x000000076fd1f240) thrown at [/HUDSON3/workspace/8-2-build-linux-amd64/jdk8u101/7261/hotspot/src/share/vm/interpreter/linkResol

Events (10 events):
Event: 2,783 Thread 0x00007f1b8c00a000 DEOPT UNPACKING pc=0x00007f1b7c1b6633 sp=0x00007f1b9225b758 mode 0
Event: 2,801 Thread 0x00007f1b8c00a000 DEOPT PACKING pc=0x00007f1b7c530980 sp=0x00007f1b9225b8a0
Event: 2,801 Thread 0x00007f1b8c00a000 DEOPT UNPACKING pc=0x00007f1b7c1b6633 sp=0x00007f1b9225b758 mode 0
Event: 2,818 Thread 0x00007f1b8c00a000 DEOPT PACKING pc=0x00007f1b7c530980 sp=0x00007f1b9225b8a0
Event: 2,818 Thread 0x00007f1b8c00a000 DEOPT UNPACKING pc=0x00007f1b7c1b6633 sp=0x00007f1b9225b758 mode 0
Event: 2,837 Thread 0x00007f1b8c00a000 DEOPT PACKING pc=0x00007f1b7c530980 sp=0x00007f1b9225b8a0
Event: 2,837 Thread 0x00007f1b8c00a000 DEOPT UNPACKING pc=0x00007f1b7c1b6633 sp=0x00007f1b9225b758 mode 0
Event: 3,046 loading class java/util/ArrayList$1
Event: 3,046 loading class java/util/ArrayList$1 done
Event: 4,254 Executing VM operation: ParallelGCFailedAllocation


Dynamic libraries:
00400000-00401000 r-xp 00000000 08:03 572249                             /usr/lib/jvm/java-8-oracle/jre/bin/java
00600000-00601000 rw-p 00000000 08:03 572249                             /usr/lib/jvm/java-8-oracle/jre/bin/java
025bd000-025de000 rw-p 00000000 00:00 0                                  [heap]
6c6c00000-6d1300000 rw-p 00000000 00:00 0 
6d1300000-76cf00000 ---p 00000000 00:00 0 
76cf00000-776100000 rw-p 00000000 00:00 0 
77df00000-7c0000000 ---p 00000000 00:00 0 
7c0000000-7c0140000 rw-p 00000000 00:00 0 
7c0140000-800000000 ---p 00000000 00:00 0 
7f1b18000000-7f1b18021000 rw-p 00000000 00:00 0 
7f1b18021000-7f1b1c000000 ---p 00000000 00:00 0 
7f1b1c000000-7f1b1c021000 rw-p 00000000 00:00 0 
7f1b1c021000-7f1b20000000 ---p 00000000 00:00 0 
7f1b20000000-7f1b20638000 rw-p 00000000 00:00 0 
7f1b20638000-7f1b24000000 ---p 00000000 00:00 0 
7f1b24000000-7f1b24021000 rw-p 00000000 00:00 0 
7f1b24021000-7f1b28000000 ---p 00000000 00:00 0 
7f1b28000000-7f1b2a6b8000 rw-p 00000000 00:00 0 
7f1b2a6b8000-7f1b2c000000 ---p 00000000 00:00 0 
7f1b2c000000-7f1b2d985000 rw-p 00000000 00:00 0 
7f1b2d985000-7f1b30000000 ---p 00000000 00:00 0 
7f1b30000000-7f1b30021000 rw-p 00000000 00:00 0 
7f1b30021000-7f1b34000000 ---p 00000000 00:00 0 
7f1b34000000-7f1b35e6f000 rw-p 00000000 00:00 0 
7f1b35e6f000-7f1b38000000 ---p 00000000 00:00 0 
7f1b38000000-7f1b38021000 rw-p 00000000 00:00 0 
7f1b38021000-7f1b3c000000 ---p 00000000 00:00 0 
7f1b3c000000-7f1b3c021000 rw-p 00000000 00:00 0 
7f1b3c021000-7f1b40000000 ---p 00000000 00:00 0 
7f1b40000000-7f1b4028f000 rw-p 00000000 00:00 0 
7f1b4028f000-7f1b44000000 ---p 00000000 00:00 0 
7f1b44360000-7f1b4c000000 rw-p 00000000 00:00 0 
7f1b4c000000-7f1b4c021000 rw-p 00000000 00:00 0 
7f1b4c021000-7f1b50000000 ---p 00000000 00:00 0 
7f1b50000000-7f1b50021000 rw-p 00000000 00:00 0 
7f1b50021000-7f1b54000000 ---p 00000000 00:00 0 
7f1b54000000-7f1b54021000 rw-p 00000000 00:00 0 
7f1b54021000-7f1b58000000 ---p 00000000 00:00 0 
7f1b5c000000-7f1b5c021000 rw-p 00000000 00:00 0 
7f1b5c021000-7f1b60000000 ---p 00000000 00:00 0 
7f1b60000000-7f1b60021000 rw-p 00000000 00:00 0 
7f1b60021000-7f1b64000000 ---p 00000000 00:00 0 
7f1b64000000-7f1b64021000 rw-p 00000000 00:00 0 
7f1b64021000-7f1b68000000 ---p 00000000 00:00 0 
7f1b6c000000-7f1b6c021000 rw-p 00000000 00:00 0 
7f1b6c021000-7f1b70000000 ---p 00000000 00:00 0 
7f1b72163000-7f1b7216a000 r--s 00000000 08:03 253474                     /usr/lib/x86_64-linux-gnu/gconv/gconv-modules.cache
7f1b7216a000-7f1b72199000 r--p 00000000 08:03 378990                     /usr/share/locale-langpack/ru/LC_MESSAGES/libc.mo
7f1b72199000-7f1b7219b000 r--s 00005000 08:03 403386                     /home/anastasia/myProjects/web_converter/schemacrawler-14.15.03-main/_schemacrawler/lib/xpp3_min-1.1.4c.jar
7f1b7219b000-7f1b7231b000 rw-p 00000000 00:00 0 
7f1b7231b000-7f1b7239b000 ---p 00000000 00:00 0 
7f1b7239b000-7f1b723a5000 r--s 00116000 08:03 572442                     /usr/lib/jvm/java-8-oracle/jre/lib/ext/localedata.jar
7f1b723a5000-7f1b723a9000 r--s 00097000 08:03 572454                     /usr/lib/jvm/java-8-oracle/jre/lib/jsse.jar
7f1b723a9000-7f1b723bf000 r-xp 00000000 08:03 572268                     /usr/lib/jvm/java-8-oracle/jre/lib/amd64/libnet.so
7f1b723bf000-7f1b725bf000 ---p 00016000 08:03 572268                     /usr/lib/jvm/java-8-oracle/jre/lib/amd64/libnet.so
7f1b725bf000-7f1b725c0000 rw-p 00016000 08:03 572268                     /usr/lib/jvm/java-8-oracle/jre/lib/amd64/libnet.so
7f1b725c0000-7f1b725d1000 r-xp 00000000 08:03 572286                     /usr/lib/jvm/java-8-oracle/jre/lib/amd64/libnio.so
7f1b725d1000-7f1b727d0000 ---p 00011000 08:03 572286                     /usr/lib/jvm/java-8-oracle/jre/lib/amd64/libnio.so
7f1b727d0000-7f1b727d1000 rw-p 00010000 08:03 572286                     /usr/lib/jvm/java-8-oracle/jre/lib/amd64/libnio.so
7f1b727d1000-7f1b727d4000 ---p 00000000 00:00 0 
7f1b727d4000-7f1b728d2000 rw-p 00000000 00:00 0                          [stack:21469]
7f1b728d2000-7f1b728dd000 r--s 0008d000 08:03 403373                     /home/anastasia/myProjects/web_converter/schemacrawler-14.15.03-main/_schemacrawler/lib/schemacrawler-14.15.03.jar
7f1b728dd000-7f1b728de000 ---p 00000000 00:00 0 
7f1b728de000-7f1b729de000 rw-p 00000000 00:00 0                          [stack:21468]
7f1b729de000-7f1b729e1000 ---p 00000000 00:00 0 
7f1b729e1000-7f1b72adf000 rw-p 00000000 00:00 0                          [stack:21467]
7f1b72adf000-7f1b72ae2000 ---p 00000000 00:00 0 
7f1b72ae2000-7f1b72be0000 rw-p 00000000 00:00 0                          [stack:21466]
7f1b72be0000-7f1b72be3000 ---p 00000000 00:00 0 
7f1b72be3000-7f1b72ce1000 rw-p 00000000 00:00 0                          [stack:21465]
7f1b72ce1000-7f1b72ce4000 ---p 00000000 00:00 0 
7f1b72ce4000-7f1b72de2000 rw-p 00000000 00:00 0                          [stack:21464]
7f1b72de2000-7f1b72de5000 ---p 00000000 00:00 0 
7f1b72de5000-7f1b72ee3000 rw-p 00000000 00:00 0                          [stack:21463]
7f1b72ee3000-7f1b72ee6000 ---p 00000000 00:00 0 
7f1b72ee6000-7f1b72fe4000 rw-p 00000000 00:00 0                          [stack:21462]
7f1b72fe4000-7f1b737f8000 r--p 00000000 08:03 222289                     /usr/lib/locale/locale-archive
7f1b737f8000-7f1b737fb000 ---p 00000000 00:00 0 
7f1b737fb000-7f1b738f9000 rw-p 00000000 00:00 0                          [stack:21461]
7f1b738f9000-7f1b738fc000 ---p 00000000 00:00 0 
7f1b738fc000-7f1b739fa000 rw-p 00000000 00:00 0                          [stack:21460]
7f1b739fa000-7f1b739fb000 ---p 00000000 00:00 0 
7f1b739fb000-7f1b74000000 rw-p 00000000 00:00 0                          [stack:21459]
7f1b74000000-7f1b74021000 rw-p 00000000 00:00 0 
7f1b74021000-7f1b78000000 ---p 00000000 00:00 0 
7f1b78000000-7f1b78002000 r--s 00000000 08:03 403383                     /home/anastasia/myProjects/web_converter/schemacrawler-14.15.03-main/_schemacrawler/lib/schemacrawler-sybaseiq-14.15.03.jar
7f1b78002000-7f1b78006000 r--s 0035b000 08:03 403384                     /home/anastasia/myProjects/web_converter/schemacrawler-14.15.03-main/_schemacrawler/lib/sqlite-jdbc-3.7.8.jar
7f1b78006000-7f1b7800e000 r--s 000a5000 08:03 403372                     /home/anastasia/myProjects/web_converter/schemacrawler-14.15.03-main/_schemacrawler/lib/postgresql-42.0.0.jar
7f1b7800e000-7f1b78025000 r--s 001d2000 08:03 403371                     /home/anastasia/myProjects/web_converter/schemacrawler-14.15.03-main/_schemacrawler/lib/mysql-connector-java-6.0.6.jar
7f1b78025000-7f1b78053000 r--s 002e7000 08:03 403367                     /home/anastasia/myProjects/web_converter/schemacrawler-14.15.03-main/_schemacrawler/lib/derby-10.13.1.1.jar
7f1b78053000-7f1b79792000 rw-p 00000000 00:00 0 
7f1b79792000-7f1b7996b000 r--s 03d29000 08:03 572485                     /usr/lib/jvm/java-8-oracle/jre/lib/rt.jar
7f1b7996b000-7f1b7a9ab000 rw-p 00000000 00:00 0 
7f1b7a9ab000-7f1b7a9ac000 ---p 00000000 00:00 0 
7f1b7a9ac000-7f1b7aaac000 rw-p 00000000 00:00 0                          [stack:21458]
7f1b7aaac000-7f1b7aaad000 ---p 00000000 00:00 0 
7f1b7aaad000-7f1b7abad000 rw-p 00000000 00:00 0                          [stack:21457]
7f1b7abad000-7f1b7abae000 ---p 00000000 00:00 0 
7f1b7abae000-7f1b7acae000 rw-p 00000000 00:00 0                          [stack:21456]
7f1b7acae000-7f1b7acaf000 ---p 00000000 00:00 0 
7f1b7acaf000-7f1b7adaf000 rw-p 00000000 00:00 0                          [stack:21455]
7f1b7adaf000-7f1b7adb0000 ---p 00000000 00:00 0 
7f1b7adb0000-7f1b7aeb0000 rw-p 00000000 00:00 0                          [stack:21454]
7f1b7aeb0000-7f1b7aeb1000 ---p 00000000 00:00 0 
7f1b7aeb1000-7f1b7afb1000 rw-p 00000000 00:00 0                          [stack:21453]
7f1b7afb1000-7f1b7afb2000 ---p 00000000 00:00 0 
7f1b7afb2000-7f1b7b106000 rw-p 00000000 00:00 0                          [stack:21452]
7f1b7b106000-7f1b7b5e4000 ---p 00000000 00:00 0 
7f1b7b5e4000-7f1b7b638000 rw-p 00000000 00:00 0 
7f1b7b638000-7f1b7bb15000 ---p 00000000 00:00 0 
7f1b7bb15000-7f1b7bb5f000 rw-p 00000000 00:00 0 
7f1b7bb5f000-7f1b7bdae000 ---p 00000000 00:00 0 
7f1b7bdae000-7f1b7bdc7000 rw-p 00000000 00:00 0 
7f1b7bdc7000-7f1b7c16f000 ---p 00000000 00:00 0 
7f1b7c16f000-7f1b7c73f000 rwxp 00000000 00:00 0 
7f1b7c73f000-7f1b8b16f000 ---p 00000000 00:00 0 
7f1b8b16f000-7f1b8b189000 r-xp 00000000 08:03 572299                     /usr/lib/jvm/java-8-oracle/jre/lib/amd64/libzip.so
7f1b8b189000-7f1b8b389000 ---p 0001a000 08:03 572299                     /usr/lib/jvm/java-8-oracle/jre/lib/amd64/libzip.so
7f1b8b389000-7f1b8b38a000 rw-p 0001a000 08:03 572299                     /usr/lib/jvm/java-8-oracle/jre/lib/amd64/libzip.so
7f1b8b38a000-7f1b8b394000 r-xp 00000000 08:03 636415                     /lib/x86_64-linux-gnu/libnss_files-2.19.so
7f1b8b394000-7f1b8b593000 ---p 0000a000 08:03 636415                     /lib/x86_64-linux-gnu/libnss_files-2.19.so
7f1b8b593000-7f1b8b594000 r--p 00009000 08:03 636415                     /lib/x86_64-linux-gnu/libnss_files-2.19.so
7f1b8b594000-7f1b8b595000 rw-p 0000a000 08:03 636415                     /lib/x86_64-linux-gnu/libnss_files-2.19.so
7f1b8b595000-7f1b8b5a0000 r-xp 00000000 08:03 636406                     /lib/x86_64-linux-gnu/libnss_nis-2.19.so
7f1b8b5a0000-7f1b8b79f000 ---p 0000b000 08:03 636406                     /lib/x86_64-linux-gnu/libnss_nis-2.19.so
7f1b8b79f000-7f1b8b7a0000 r--p 0000a000 08:03 636406                     /lib/x86_64-linux-gnu/libnss_nis-2.19.so
7f1b8b7a0000-7f1b8b7a1000 rw-p 0000b000 08:03 636406                     /lib/x86_64-linux-gnu/libnss_nis-2.19.so
7f1b8b7a1000-7f1b8b7b8000 r-xp 00000000 08:03 636398                     /lib/x86_64-linux-gnu/libnsl-2.19.so
7f1b8b7b8000-7f1b8b9b7000 ---p 00017000 08:03 636398                     /lib/x86_64-linux-gnu/libnsl-2.19.so
7f1b8b9b7000-7f1b8b9b8000 r--p 00016000 08:03 636398                     /lib/x86_64-linux-gnu/libnsl-2.19.so
7f1b8b9b8000-7f1b8b9b9000 rw-p 00017000 08:03 636398                     /lib/x86_64-linux-gnu/libnsl-2.19.so
7f1b8b9b9000-7f1b8b9bb000 rw-p 00000000 00:00 0 
7f1b8b9bb000-7f1b8b9c4000 r-xp 00000000 08:03 636396                     /lib/x86_64-linux-gnu/libnss_compat-2.19.so
7f1b8b9c4000-7f1b8bbc3000 ---p 00009000 08:03 636396                     /lib/x86_64-linux-gnu/libnss_compat-2.19.so
7f1b8bbc3000-7f1b8bbc4000 r--p 00008000 08:03 636396                     /lib/x86_64-linux-gnu/libnss_compat-2.19.so
7f1b8bbc4000-7f1b8bbc5000 rw-p 00009000 08:03 636396                     /lib/x86_64-linux-gnu/libnss_compat-2.19.so
7f1b8bbc5000-7f1b8bbef000 r-xp 00000000 08:03 572314                     /usr/lib/jvm/java-8-oracle/jre/lib/amd64/libjava.so
7f1b8bbef000-7f1b8bdef000 ---p 0002a000 08:03 572314                     /usr/lib/jvm/java-8-oracle/jre/lib/amd64/libjava.so
7f1b8bdef000-7f1b8bdf1000 rw-p 0002a000 08:03 572314                     /usr/lib/jvm/java-8-oracle/jre/lib/amd64/libjava.so
7f1b8bdf1000-7f1b8bdfe000 r-xp 00000000 08:03 572282                     /usr/lib/jvm/java-8-oracle/jre/lib/amd64/libverify.so
7f1b8bdfe000-7f1b8bffe000 ---p 0000d000 08:03 572282                     /usr/lib/jvm/java-8-oracle/jre/lib/amd64/libverify.so
7f1b8bffe000-7f1b8c000000 rw-p 0000d000 08:03 572282                     /usr/lib/jvm/java-8-oracle/jre/lib/amd64/libverify.so
7f1b8c000000-7f1b8c68a000 rw-p 00000000 00:00 0 
7f1b8c68a000-7f1b90000000 ---p 00000000 00:00 0 
7f1b90000000-7f1b90001000 rw-p 00000000 00:00 0 
7f1b90001000-7f1b9000a000 r--s 000b3000 08:03 403370                     /home/anastasia/myProjects/web_converter/schemacrawler-14.15.03-main/_schemacrawler/lib/mssql-jdbc-6.1.0.jre8.jar
7f1b9000a000-7f1b90019000 r--s 00164000 08:03 403369                     /home/anastasia/myProjects/web_converter/schemacrawler-14.15.03-main/_schemacrawler/lib/hsqldb-2.3.4.jar
7f1b90019000-7f1b90068000 rw-p 00000000 00:00 0 
7f1b90068000-7f1b90069000 ---p 00000000 00:00 0 
7f1b90069000-7f1b90169000 rw-p 00000000 00:00 0                          [stack:21451]
7f1b90169000-7f1b90170000 r-xp 00000000 08:03 636411                     /lib/x86_64-linux-gnu/librt-2.19.so
7f1b90170000-7f1b9036f000 ---p 00007000 08:03 636411                     /lib/x86_64-linux-gnu/librt-2.19.so
7f1b9036f000-7f1b90370000 r--p 00006000 08:03 636411                     /lib/x86_64-linux-gnu/librt-2.19.so
7f1b90370000-7f1b90371000 rw-p 00007000 08:03 636411                     /lib/x86_64-linux-gnu/librt-2.19.so
7f1b90371000-7f1b90476000 r-xp 00000000 08:03 635397                     /lib/x86_64-linux-gnu/libm-2.19.so
7f1b90476000-7f1b90675000 ---p 00105000 08:03 635397                     /lib/x86_64-linux-gnu/libm-2.19.so
7f1b90675000-7f1b90676000 r--p 00104000 08:03 635397                     /lib/x86_64-linux-gnu/libm-2.19.so
7f1b90676000-7f1b90677000 rw-p 00105000 08:03 635397                     /lib/x86_64-linux-gnu/libm-2.19.so
7f1b90677000-7f1b91342000 r-xp 00000000 08:03 572296                     /usr/lib/jvm/java-8-oracle/jre/lib/amd64/server/libjvm.so
7f1b91342000-7f1b91541000 ---p 00ccb000 08:03 572296                     /usr/lib/jvm/java-8-oracle/jre/lib/amd64/server/libjvm.so
7f1b91541000-7f1b9161a000 rw-p 00cca000 08:03 572296                     /usr/lib/jvm/java-8-oracle/jre/lib/amd64/server/libjvm.so
7f1b9161a000-7f1b91665000 rw-p 00000000 00:00 0 
7f1b91665000-7f1b9181f000 r-xp 00000000 08:03 636412                     /lib/x86_64-linux-gnu/libc-2.19.so
7f1b9181f000-7f1b91a1f000 ---p 001ba000 08:03 636412                     /lib/x86_64-linux-gnu/libc-2.19.so
7f1b91a1f000-7f1b91a23000 r--p 001ba000 08:03 636412                     /lib/x86_64-linux-gnu/libc-2.19.so
7f1b91a23000-7f1b91a25000 rw-p 001be000 08:03 636412                     /lib/x86_64-linux-gnu/libc-2.19.so
7f1b91a25000-7f1b91a2a000 rw-p 00000000 00:00 0 
7f1b91a2a000-7f1b91a2d000 r-xp 00000000 08:03 636390                     /lib/x86_64-linux-gnu/libdl-2.19.so
7f1b91a2d000-7f1b91c2c000 ---p 00003000 08:03 636390                     /lib/x86_64-linux-gnu/libdl-2.19.so
7f1b91c2c000-7f1b91c2d000 r--p 00002000 08:03 636390                     /lib/x86_64-linux-gnu/libdl-2.19.so
7f1b91c2d000-7f1b91c2e000 rw-p 00003000 08:03 636390                     /lib/x86_64-linux-gnu/libdl-2.19.so
7f1b91c2e000-7f1b91c43000 r-xp 00000000 08:03 572277                     /usr/lib/jvm/java-8-oracle/jre/lib/amd64/jli/libjli.so
7f1b91c43000-7f1b91e43000 ---p 00015000 08:03 572277                     /usr/lib/jvm/java-8-oracle/jre/lib/amd64/jli/libjli.so
7f1b91e43000-7f1b91e44000 rw-p 00015000 08:03 572277                     /usr/lib/jvm/java-8-oracle/jre/lib/amd64/jli/libjli.so
7f1b91e44000-7f1b91e5d000 r-xp 00000000 08:03 636400                     /lib/x86_64-linux-gnu/libpthread-2.19.so
7f1b91e5d000-7f1b9205c000 ---p 00019000 08:03 636400                     /lib/x86_64-linux-gnu/libpthread-2.19.so
7f1b9205c000-7f1b9205d000 r--p 00018000 08:03 636400                     /lib/x86_64-linux-gnu/libpthread-2.19.so
7f1b9205d000-7f1b9205e000 rw-p 00019000 08:03 636400                     /lib/x86_64-linux-gnu/libpthread-2.19.so
7f1b9205e000-7f1b92062000 rw-p 00000000 00:00 0 
7f1b92062000-7f1b92085000 r-xp 00000000 08:03 636402                     /lib/x86_64-linux-gnu/ld-2.19.so
7f1b92085000-7f1b92086000 r--s 00001000 08:03 403382                     /home/anastasia/myProjects/web_converter/schemacrawler-14.15.03-main/_schemacrawler/lib/schemacrawler-sqlserver-14.15.03.jar
7f1b92086000-7f1b92087000 r--s 00001000 08:03 403381                     /home/anastasia/myProjects/web_converter/schemacrawler-14.15.03-main/_schemacrawler/lib/schemacrawler-sqlite-14.15.03.jar
7f1b92087000-7f1b92088000 r--s 00001000 08:03 403380                     /home/anastasia/myProjects/web_converter/schemacrawler-14.15.03-main/_schemacrawler/lib/schemacrawler-postgresql-14.15.03.jar
7f1b92088000-7f1b9208a000 r--s 00004000 08:03 403379                     /home/anastasia/myProjects/web_converter/schemacrawler-14.15.03-main/_schemacrawler/lib/schemacrawler-oracle-14.15.03.jar
7f1b9208a000-7f1b9208c000 r--s 00002000 08:03 403378                     /home/anastasia/myProjects/web_converter/schemacrawler-14.15.03-main/_schemacrawler/lib/schemacrawler-offline-14.15.03.jar
7f1b9208c000-7f1b9215d000 rw-p 00000000 00:00 0 
7f1b9215d000-7f1b92160000 ---p 00000000 00:00 0 
7f1b92160000-7f1b92262000 rw-p 00000000 00:00 0                          [stack:21450]
7f1b92262000-7f1b92263000 r--s 00001000 08:03 403377                     /home/anastasia/myProjects/web_converter/schemacrawler-14.15.03-main/_schemacrawler/lib/schemacrawler-mysql-14.15.03.jar
7f1b92263000-7f1b92266000 r--s 00012000 08:03 403376                     /home/anastasia/myProjects/web_converter/schemacrawler-14.15.03-main/_schemacrawler/lib/schemacrawler-lint-14.15.03.jar
7f1b92266000-7f1b92267000 r--s 00001000 08:03 403375                     /home/anastasia/myProjects/web_converter/schemacrawler-14.15.03-main/_schemacrawler/lib/schemacrawler-hsqldb-14.15.03.jar
7f1b92267000-7f1b92269000 r--s 00001000 08:03 403374                     /home/anastasia/myProjects/web_converter/schemacrawler-14.15.03-main/_schemacrawler/lib/schemacrawler-db2-14.15.03.jar
7f1b92269000-7f1b92278000 r--s 001aa000 08:03 403368                     /home/anastasia/myProjects/web_converter/schemacrawler-14.15.03-main/_schemacrawler/lib/h2-1.4.194.jar
7f1b92278000-7f1b92280000 rw-s 00000000 08:03 491925                     /tmp/hsperfdata_anastasia/21445
7f1b92280000-7f1b92281000 rw-p 00000000 00:00 0 
7f1b92281000-7f1b92282000 ---p 00000000 00:00 0 
7f1b92282000-7f1b92284000 rw-p 00000000 00:00 0 
7f1b92284000-7f1b92285000 r--p 00022000 08:03 636402                     /lib/x86_64-linux-gnu/ld-2.19.so
7f1b92285000-7f1b92286000 rw-p 00023000 08:03 636402                     /lib/x86_64-linux-gnu/ld-2.19.so
7f1b92286000-7f1b92287000 rw-p 00000000 00:00 0 
7fffd4cfc000-7fffd4d1e000 rw-p 00000000 00:00 0                          [stack]
7fffd4d20000-7fffd4d22000 r--p 00000000 00:00 0                          [vvar]
7fffd4d22000-7fffd4d24000 r-xp 00000000 00:00 0                          [vdso]
ffffffffff600000-ffffffffff601000 r-xp 00000000 00:00 0                  [vsyscall]

VM Arguments:
java_command: schemacrawler.Main -url=jdbc:postgresql://localhost/Kino -u=converter -password=user -i=maximum -c=schema -fmt=png -outputfile=../../static/db_schema/1494365577052.png -weakassociations=true
java_class_path (initial): lib/derby-10.13.1.1.jar:lib/h2-1.4.194.jar:lib/hsqldb-2.3.4.jar:lib/mssql-jdbc-6.1.0.jre8.jar:lib/mysql-connector-java-6.0.6.jar:lib/postgresql-42.0.0.jar:lib/schemacrawler-14.15.03.jar:lib/schemacrawler-db2-14.15.03.jar:lib/schemacrawler-hsqldb-14.15.03.jar:lib/schemacrawler-lint-14.15.03.jar:lib/schemacrawler-mysql-14.15.03.jar:lib/schemacrawler-offline-14.15.03.jar:lib/schemacrawler-oracle-14.15.03.jar:lib/schemacrawler-postgresql-14.15.03.jar:lib/schemacrawler-sqlite-14.15.03.jar:lib/schemacrawler-sqlserver-14.15.03.jar:lib/schemacrawler-sybaseiq-14.15.03.jar:lib/sqlite-jdbc-3.7.8.jar:lib/xmlpull-1.1.3.1.jar:lib/xpp3_min-1.1.4c.jar:lib/xstream-1.4.9.jar:config
Launcher Type: SUN_STANDARD

Environment Variables:
PATH=/home/anastasia/.nvm/versions/node/v4.4.0/bin:/usr/local/sbin:/usr/local/bin:/usr/sbin:/usr/bin:/sbin:/bin:/usr/games:/usr/local/games
SHELL=/bin/bash
DISPLAY=:0

Signal Handlers:
SIGSEGV: [libjvm.so+0xac4790], sa_mask[0]=11111111011111111101111111111110, sa_flags=SA_RESTART|SA_SIGINFO
SIGBUS: [libjvm.so+0xac4790], sa_mask[0]=11111111011111111101111111111110, sa_flags=SA_RESTART|SA_SIGINFO
SIGFPE: [libjvm.so+0x91f140], sa_mask[0]=11111111011111111101111111111110, sa_flags=SA_RESTART|SA_SIGINFO
SIGPIPE: [libjvm.so+0x91f140], sa_mask[0]=11111111011111111101111111111110, sa_flags=SA_RESTART|SA_SIGINFO
SIGXFSZ: [libjvm.so+0x91f140], sa_mask[0]=11111111011111111101111111111110, sa_flags=SA_RESTART|SA_SIGINFO
SIGILL: [libjvm.so+0x91f140], sa_mask[0]=11111111011111111101111111111110, sa_flags=SA_RESTART|SA_SIGINFO
SIGUSR1: SIG_DFL, sa_mask[0]=00000000000000000000000000000000, sa_flags=none
SIGUSR2: [libjvm.so+0x920770], sa_mask[0]=00000000000000000000000000000000, sa_flags=SA_RESTART|SA_SIGINFO
SIGHUP: [libjvm.so+0x921b70], sa_mask[0]=11111111011111111101111111111110, sa_flags=SA_RESTART|SA_SIGINFO
SIGINT: [libjvm.so+0x921b70], sa_mask[0]=11111111011111111101111111111110, sa_flags=SA_RESTART|SA_SIGINFO
SIGTERM: [libjvm.so+0x921b70], sa_mask[0]=11111111011111111101111111111110, sa_flags=SA_RESTART|SA_SIGINFO
SIGQUIT: [libjvm.so+0x921b70], sa_mask[0]=11111111011111111101111111111110, sa_flags=SA_RESTART|SA_SIGINFO


---------------  S Y S T E M  ---------------

OS:DISTRIB_ID=Ubuntu
DISTRIB_RELEASE=14.04
DISTRIB_CODENAME=trusty
DISTRIB_DESCRIPTION="Ubuntu 14.04.5 LTS"

uname:Linux 3.19.0-30-generic #34~14.04.1-Ubuntu SMP Fri Oct 2 22:09:39 UTC 2015 x86_64
libc:glibc 2.19 NPTL 2.19 
rlimit: STACK 8192k, CORE 0k, NPROC 63562, NOFILE 4096, AS infinity
load average:3,74 1,73 1,24

/proc/meminfo:
MemTotal:       16334188 kB
MemFree:          152088 kB
MemAvailable:     139184 kB
Buffers:            4660 kB
Cached:          1912472 kB
SwapCached:            0 kB
Active:         13942592 kB
Inactive:        1756836 kB
Active(anon):   13900700 kB
Inactive(anon):  1715728 kB
Active(file):      41892 kB
Inactive(file):    41108 kB
Unevictable:         684 kB
Mlocked:             684 kB
SwapTotal:             0 kB
SwapFree:              0 kB
Dirty:               672 kB
Writeback:             0 kB
AnonPages:      13783576 kB
Mapped:          1047676 kB
Shmem:           1833608 kB
Slab:             147356 kB
SReclaimable:      60120 kB
SUnreclaim:        87236 kB
KernelStack:       40928 kB
PageTables:       170220 kB
NFS_Unstable:          0 kB
Bounce:                0 kB
WritebackTmp:          0 kB
CommitLimit:     8167092 kB
Committed_AS:   45322656 kB
VmallocTotal:   34359738367 kB
VmallocUsed:      413560 kB
VmallocChunk:   34359197928 kB
HardwareCorrupted:     0 kB
AnonHugePages:   4163584 kB
CmaTotal:              0 kB
CmaFree:               0 kB
HugePages_Total:       0
HugePages_Free:        0
HugePages_Rsvd:        0
HugePages_Surp:        0
Hugepagesize:       2048 kB
DirectMap4k:      312784 kB
DirectMap2M:    16365568 kB
DirectMap1G:           0 kB


CPU:total 8 (4 cores per cpu, 2 threads per core) family 6 model 60 stepping 3, cmov, cx8, fxsr, mmx, sse, sse2, sse3, ssse3, sse4.1, sse4.2, popcnt, avx, avx2, aes, clmul, erms, lzcnt, ht, tsc, tscinvbit, bmi1, bmi2

/proc/cpuinfo:
processor	: 0
vendor_id	: GenuineIntel
cpu family	: 6
model		: 60
model name	: Intel(R) Core(TM) i7-4712HQ CPU @ 2.30GHz
stepping	: 3
microcode	: 0x17
cpu MHz		: 3019.738
cache size	: 6144 KB
physical id	: 0
siblings	: 8
core id		: 0
cpu cores	: 4
apicid		: 0
initial apicid	: 0
fpu		: yes
fpu_exception	: yes
cpuid level	: 13
wp		: yes
flags		: fpu vme de pse tsc msr pae mce cx8 apic sep mtrr pge mca cmov pat pse36 clflush dts acpi mmx fxsr sse sse2 ss ht tm pbe syscall nx pdpe1gb rdtscp lm constant_tsc arch_perfmon pebs bts rep_good nopl xtopology nonstop_tsc aperfmperf eagerfpu pni pclmulqdq dtes64 monitor ds_cpl vmx est tm2 ssse3 fma cx16 xtpr pdcm pcid sse4_1 sse4_2 x2apic movbe popcnt tsc_deadline_timer aes xsave avx f16c rdrand lahf_lm abm ida arat epb pln pts dtherm tpr_shadow vnmi flexpriority ept vpid fsgsbase tsc_adjust bmi1 avx2 smep bmi2 erms invpcid xsaveopt
bugs		:
bogomips	: 4589.62
clflush size	: 64
cache_alignment	: 64
address sizes	: 39 bits physical, 48 bits virtual
power management:

processor	: 1
vendor_id	: GenuineIntel
cpu family	: 6
model		: 60
model name	: Intel(R) Core(TM) i7-4712HQ CPU @ 2.30GHz
stepping	: 3
microcode	: 0x17
cpu MHz		: 3095.476
cache size	: 6144 KB
physical id	: 0
siblings	: 8
core id		: 1
cpu cores	: 4
apicid		: 2
initial apicid	: 2
fpu		: yes
fpu_exception	: yes
cpuid level	: 13
wp		: yes
flags		: fpu vme de pse tsc msr pae mce cx8 apic sep mtrr pge mca cmov pat pse36 clflush dts acpi mmx fxsr sse sse2 ss ht tm pbe syscall nx pdpe1gb rdtscp lm constant_tsc arch_perfmon pebs bts rep_good nopl xtopology nonstop_tsc aperfmperf eagerfpu pni pclmulqdq dtes64 monitor ds_cpl vmx est tm2 ssse3 fma cx16 xtpr pdcm pcid sse4_1 sse4_2 x2apic movbe popcnt tsc_deadline_timer aes xsave avx f16c rdrand lahf_lm abm ida arat epb pln pts dtherm tpr_shadow vnmi flexpriority ept vpid fsgsbase tsc_adjust bmi1 avx2 smep bmi2 erms invpcid xsaveopt
bugs		:
bogomips	: 4589.62
clflush size	: 64
cache_alignment	: 64
address sizes	: 39 bits physical, 48 bits virtual
power management:

processor	: 2
vendor_id	: GenuineIntel
cpu family	: 6
model		: 60
model name	: Intel(R) Core(TM) i7-4712HQ CPU @ 2.30GHz
stepping	: 3
microcode	: 0x17
cpu MHz		: 3214.519
cache size	: 6144 KB
physical id	: 0
siblings	: 8
core id		: 2
cpu cores	: 4
apicid		: 4
initial apicid	: 4
fpu		: yes
fpu_exception	: yes
cpuid level	: 13
wp		: yes
flags		: fpu vme de pse tsc msr pae mce cx8 apic sep mtrr pge mca cmov pat pse36 clflush dts acpi mmx fxsr sse sse2 ss ht tm pbe syscall nx pdpe1gb rdtscp lm constant_tsc arch_perfmon pebs bts rep_good nopl xtopology nonstop_tsc aperfmperf eagerfpu pni pclmulqdq dtes64 monitor ds_cpl vmx est tm2 ssse3 fma cx16 xtpr pdcm pcid sse4_1 sse4_2 x2apic movbe popcnt tsc_deadline_timer aes xsave avx f16c rdrand lahf_lm abm ida arat epb pln pts dtherm tpr_shadow vnmi flexpriority ept vpid fsgsbase tsc_adjust bmi1 avx2 smep bmi2 erms invpcid xsaveopt
bugs		:
bogomips	: 4589.62
clflush size	: 64
cache_alignment	: 64
address sizes	: 39 bits physical, 48 bits virtual
power management:

processor	: 3
vendor_id	: GenuineIntel
cpu family	: 6
model		: 60
model name	: Intel(R) Core(TM) i7-4712HQ CPU @ 2.30GHz
stepping	: 3
microcode	: 0x17
cpu MHz		: 3073.464
cache size	: 6144 KB
physical id	: 0
siblings	: 8
core id		: 3
cpu cores	: 4
apicid		: 6
initial apicid	: 6
fpu		: yes
fpu_exception	: yes
cpuid level	: 13
wp		: yes
flags		: fpu vme de pse tsc msr pae mce cx8 apic sep mtrr pge mca cmov pat pse36 clflush dts acpi mmx fxsr sse sse2 ss ht tm pbe syscall nx pdpe1gb rdtscp lm constant_tsc arch_perfmon pebs bts rep_good nopl xtopology nonstop_tsc aperfmperf eagerfpu pni pclmulqdq dtes64 monitor ds_cpl vmx est tm2 ssse3 fma cx16 xtpr pdcm pcid sse4_1 sse4_2 x2apic movbe popcnt tsc_deadline_timer aes xsave avx f16c rdrand lahf_lm abm ida arat epb pln pts dtherm tpr_shadow vnmi flexpriority ept vpid fsgsbase tsc_adjust bmi1 avx2 smep bmi2 erms invpcid xsaveopt
bugs		:
bogomips	: 4589.62
clflush size	: 64
cache_alignment	: 64
address sizes	: 39 bits physical, 48 bits virtual
power management:

processor	: 4
vendor_id	: GenuineIntel
cpu family	: 6
model		: 60
model name	: Intel(R) Core(TM) i7-4712HQ CPU @ 2.30GHz
stepping	: 3
microcode	: 0x17
cpu MHz		: 3166.273
cache size	: 6144 KB
physical id	: 0
siblings	: 8
core id		: 0
cpu cores	: 4
apicid		: 1
initial apicid	: 1
fpu		: yes
fpu_exception	: yes
cpuid level	: 13
wp		: yes
flags		: fpu vme de pse tsc msr pae mce cx8 apic sep mtrr pge mca cmov pat pse36 clflush dts acpi mmx fxsr sse sse2 ss ht tm pbe syscall nx pdpe1gb rdtscp lm constant_tsc arch_perfmon pebs bts rep_good nopl xtopology nonstop_tsc aperfmperf eagerfpu pni pclmulqdq dtes64 monitor ds_cpl vmx est tm2 ssse3 fma cx16 xtpr pdcm pcid sse4_1 sse4_2 x2apic movbe popcnt tsc_deadline_timer aes xsave avx f16c rdrand lahf_lm abm ida arat epb pln pts dtherm tpr_shadow vnmi flexpriority ept vpid fsgsbase tsc_adjust bmi1 avx2 smep bmi2 erms invpcid xsaveopt
bugs		:
bogomips	: 4589.62
clflush size	: 64
cache_alignment	: 64
address sizes	: 39 bits physical, 48 bits virtual
power management:

processor	: 5
vendor_id	: GenuineIntel
cpu family	: 6
model		: 60
model name	: Intel(R) Core(TM) i7-4712HQ CPU @ 2.30GHz
stepping	: 3
microcode	: 0x17
cpu MHz		: 1722.484
cache size	: 6144 KB
physical id	: 0
siblings	: 8
core id		: 1
cpu cores	: 4
apicid		: 3
initial apicid	: 3
fpu		: yes
fpu_exception	: yes
cpuid level	: 13
wp		: yes
flags		: fpu vme de pse tsc msr pae mce cx8 apic sep mtrr pge mca cmov pat pse36 clflush dts acpi mmx fxsr sse sse2 ss ht tm pbe syscall nx pdpe1gb rdtscp lm constant_tsc arch_perfmon pebs bts rep_good nopl xtopology nonstop_tsc aperfmperf eagerfpu pni pclmulqdq dtes64 monitor ds_cpl vmx est tm2 ssse3 fma cx16 xtpr pdcm pcid sse4_1 sse4_2 x2apic movbe popcnt tsc_deadline_timer aes xsave avx f16c rdrand lahf_lm abm ida arat epb pln pts dtherm tpr_shadow vnmi flexpriority ept vpid fsgsbase tsc_adjust bmi1 avx2 smep bmi2 erms invpcid xsaveopt
bugs		:
bogomips	: 4589.62
clflush size	: 64
cache_alignment	: 64
address sizes	: 39 bits physical, 48 bits virtual
power management:

processor	: 6
vendor_id	: GenuineIntel
cpu family	: 6
model		: 60
model name	: Intel(R) Core(TM) i7-4712HQ CPU @ 2.30GHz
stepping	: 3
microcode	: 0x17
cpu MHz		: 3163.937
cache size	: 6144 KB
physical id	: 0
siblings	: 8
core id		: 2
cpu cores	: 4
apicid		: 5
initial apicid	: 5
fpu		: yes
fpu_exception	: yes
cpuid level	: 13
wp		: yes
flags		: fpu vme de pse tsc msr pae mce cx8 apic sep mtrr pge mca cmov pat pse36 clflush dts acpi mmx fxsr sse sse2 ss ht tm pbe syscall nx pdpe1gb rdtscp lm constant_tsc arch_perfmon pebs bts rep_good nopl xtopology nonstop_tsc aperfmperf eagerfpu pni pclmulqdq dtes64 monitor ds_cpl vmx est tm2 ssse3 fma cx16 xtpr pdcm pcid sse4_1 sse4_2 x2apic movbe popcnt tsc_deadline_timer aes xsave avx f16c rdrand lahf_lm abm ida arat epb pln pts dtherm tpr_shadow vnmi flexpriority ept vpid fsgsbase tsc_adjust bmi1 avx2 smep bmi2 erms invpcid xsaveopt
bugs		:
bogomips	: 4589.62
clflush size	: 64
cache_alignment	: 64
address sizes	: 39 bits physical, 48 bits virtual
power management:

processor	: 7
vendor_id	: GenuineIntel
cpu family	: 6
model		: 60
model name	: Intel(R) Core(TM) i7-4712HQ CPU @ 2.30GHz
stepping	: 3
microcode	: 0x17
cpu MHz		: 2924.863
cache size	: 6144 KB
physical id	: 0
siblings	: 8
core id		: 3
cpu cores	: 4
apicid		: 7
initial apicid	: 7
fpu		: yes
fpu_exception	: yes
cpuid level	: 13
wp		: yes
flags		: fpu vme de pse tsc msr pae mce cx8 apic sep mtrr pge mca cmov pat pse36 clflush dts acpi mmx fxsr sse sse2 ss ht tm pbe syscall nx pdpe1gb rdtscp lm constant_tsc arch_perfmon pebs bts rep_good nopl xtopology nonstop_tsc aperfmperf eagerfpu pni pclmulqdq dtes64 monitor ds_cpl vmx est tm2 ssse3 fma cx16 xtpr pdcm pcid sse4_1 sse4_2 x2apic movbe popcnt tsc_deadline_timer aes xsave avx f16c rdrand lahf_lm abm ida arat epb pln pts dtherm tpr_shadow vnmi flexpriority ept vpid fsgsbase tsc_adjust bmi1 avx2 smep bmi2 erms invpcid xsaveopt
bugs		:
bogomips	: 4589.62
clflush size	: 64
cache_alignment	: 64
address sizes	: 39 bits physical, 48 bits virtual
power management:



Memory: 4k page, physical 16334188k(152088k free), swap 0k(0k free)

vm_info: Java HotSpot(TM) 64-Bit Server VM (25.101-b13) for linux-amd64 JRE (1.8.0_101-b13), built on Jun 22 2016 02:59:44 by "java_re" with gcc 4.3.0 20080428 (Red Hat 4.3.0-8)

time: Wed May 10 00:33:14 2017
elapsed time: 16 seconds (0d 0h 0m 16s)

